d:\projects\libff\ff\msvc\libff\release\vc140.pdb
d:\projects\libff\ff\msvc\libff\release\settings.obj
d:\projects\libff\ff\msvc\libff\release\object.obj
d:\projects\libff\ff\msvc\libff\release\file.obj
d:\projects\libff\ff\msvc\libff\release\exception.obj
d:\projects\libff\ff\msvc\libff\release\errno.obj
d:\projects\libff\ff\msvc\libff\release\endian.obj
d:\projects\libff\ff\msvc\libff\release\rijndael.obj
d:\projects\libff\ff\msvc\libff\release\md5.obj
d:\projects\libff\ff\msvc\libff\release\crc.obj
d:\projects\libff\ff\msvc\libff\release\base64.obj
d:\projects\libff\ff\msvc\libff\release\sqlite3database.obj
d:\projects\libff\ff\msvc\libff\release\timestamp.obj
d:\projects\libff\ff\msvc\libff\release\tick.obj
d:\projects\libff\ff\msvc\libff\release\datetime.obj
d:\projects\libff\ff\msvc\libff\release\bufferimpl.obj
d:\projects\libff\ff\msvc\libff\release\buffer.obj
d:\projects\libff\ff\msvc\libff\release\stdafx.obj
d:\projects\libff\ff\msvc\libff\release\libff.obj
d:\projects\libff\ff\msvc\libff\release\variant.obj
d:\projects\libff\ff\msvc\libff\release\stringwrapper.obj
d:\projects\libff\ff\msvc\libff\release\string.obj
d:\projects\libff\ff\msvc\libff\release\stdoutappender.obj
d:\projects\libff\ff\msvc\libff\release\loginfo.obj
d:\projects\libff\ff\msvc\libff\release\logger.obj
d:\projects\libff\ff\msvc\libff\release\processimpllinux.obj
d:\projects\libff\ff\msvc\libff\release\filelock.obj
d:\projects\libff\ff\msvc\libff\release\processimplwindows.obj
d:\projects\libff\ff\msvc\libff\release\process.obj
d:\projects\libff\ff\msvc\libff\release\random.obj
d:\projects\libff\ff\msvc\libff\release\threadpool.obj
d:\projects\libff\ff\msvc\libff\release\thread.obj
d:\projects\libff\ff\msvc\libff\release\synchronizable.obj
d:\projects\libff\ff\msvc\libff\release\runnable.obj
d:\projects\libff\ff\msvc\libff\release\log.obj
d:\projects\libff\ff\msvc\libff\release\semaphore.obj
d:\projects\libff\ff\msvc\libff\release\uuid.obj
d:\projects\libff\ff\msvc\libff\release\dllmain.obj
d:\projects\libff\ff\msvc\libff\release\socket.obj
d:\projects\libff\ff\msvc\libff\release\ip.obj
d:\projects\libff\ff\msvc\libff\release\libff.lib
d:\projects\libff\ff\msvc\libff\release\libff.exp
d:\projects\libff\ff\msvc\libff\release\libff.dll
d:\projects\libff\ff\msvc\libff\release\libff.ipdb
d:\projects\libff\ff\msvc\libff\release\libff.iobj
d:\projects\libff\ff\msvc\libff\release\libff.pdb
d:\projects\libff\ff\msvc\libff\release\libffteste.ipdb
d:\projects\libff\ff\msvc\libff\release\libffteste.iobj
d:\projects\libff\ff\msvc\libff\release\libffteste.pdb
d:\projects\libff\ff\msvc\libff\release\libff.tlog\cl.command.1.tlog
d:\projects\libff\ff\msvc\libff\release\libff.tlog\cl.read.1.tlog
d:\projects\libff\ff\msvc\libff\release\libff.tlog\cl.write.1.tlog
d:\projects\libff\ff\msvc\libff\release\libff.tlog\libff.write.1u.tlog
d:\projects\libff\ff\msvc\libff\release\libff.tlog\link.command.1.tlog
d:\projects\libff\ff\msvc\libff\release\libff.tlog\link.read.1.tlog
d:\projects\libff\ff\msvc\libff\release\libff.tlog\link.write.1.tlog
