  Serial.cpp
d:\projects\libff\ff\src\serial\serial.cpp : warning C4819: 该文件包含不能在当前代码页(936)中表示的字符。请将该文件保存为 Unicode 格式以防止数据丢失
  ProcessImplWindows.cpp
d:\projects\libff\ff\src\process\processimplwindows.cpp : warning C4819: 该文件包含不能在当前代码页(936)中表示的字符。请将该文件保存为 Unicode 格式以防止数据丢失
d:\projects\libff\ff\src\process\processimplwindows.h : warning C4819: 该文件包含不能在当前代码页(936)中表示的字符。请将该文件保存为 Unicode 格式以防止数据丢失
d:\projects\libff\ff\include\ff\exception.h(24): warning C4275: 非 dll 接口 class“std::exception”用作 dll 接口 class“ff::Exception”的基
  c:\program files (x86)\microsoft visual studio 14.0\vc\include\vcruntime_exception.h(43): note: 参见“std::exception”的声明
  d:\projects\libff\ff\include\ff\exception.h(24): note: 参见“ff::Exception”的声明
d:\projects\libff\ff\include\ff\exception.h(41): warning C4251: “ff::Exception::functionName”: class“std::basic_string<char,std::char_traits<char>,std::allocator<char>>”需要有 dll 接口由 class“ff::Exception”的客户端使用
  c:\program files (x86)\microsoft visual studio 14.0\vc\include\xstring(2633): note: 参见“std::basic_string<char,std::char_traits<char>,std::allocator<char>>”的声明
d:\projects\libff\ff\include\ff\exception.h(42): warning C4251: “ff::Exception::fileName”: class“std::basic_string<char,std::char_traits<char>,std::allocator<char>>”需要有 dll 接口由 class“ff::Exception”的客户端使用
  c:\program files (x86)\microsoft visual studio 14.0\vc\include\xstring(2633): note: 参见“std::basic_string<char,std::char_traits<char>,std::allocator<char>>”的声明
d:\projects\libff\ff\include\ff\exception.h(43): warning C4251: “ff::Exception::msg”: class“std::basic_string<char,std::char_traits<char>,std::allocator<char>>”需要有 dll 接口由 class“ff::Exception”的客户端使用
  c:\program files (x86)\microsoft visual studio 14.0\vc\include\xstring(2633): note: 参见“std::basic_string<char,std::char_traits<char>,std::allocator<char>>”的声明
d:\projects\libff\ff\include\ff\string.h : warning C4819: 该文件包含不能在当前代码页(936)中表示的字符。请将该文件保存为 Unicode 格式以防止数据丢失
d:\projects\libff\ff\include\ff\string.h(60): warning C4251: “ff::IDelimiter::m_delimiterStr”: class“std::basic_string<char,std::char_traits<char>,std::allocator<char>>”需要有 dll 接口由 class“ff::IDelimiter”的客户端使用
  c:\program files (x86)\microsoft visual studio 14.0\vc\include\xstring(2633): note: 参见“std::basic_string<char,std::char_traits<char>,std::allocator<char>>”的声明
d:\projects\libff\ff\include\ff\string.h(83): warning C4251: “std::_String_alloc<std::_String_base_types<_Elem,_Alloc>>::_Mypair”: class“std::_Compressed_pair<std::_Wrap_alloc<std::allocator<char>>,std::_String_val<std::_Simple_types<char>>,true>”需要有 dll 接口由 class“std::_String_alloc<std::_String_base_types<_Elem,_Alloc>>”的客户端使用
          with
          [
              _Elem=char,
              _Alloc=std::allocator<char>
          ]
  c:\program files (x86)\microsoft visual studio 14.0\vc\include\xstring(743): note: 参见“std::_Compressed_pair<std::_Wrap_alloc<std::allocator<char>>,std::_String_val<std::_Simple_types<char>>,true>”的声明
  正在生成代码...
    正在创建库 D:\Projects\libff\ff\msvc\libff\Debug\libff.lib 和对象 D:\Projects\libff\ff\msvc\libff\Debug\libff.exp
  libff.vcxproj -> D:\Projects\libff\ff\msvc\libff\Debug\libff.dll
  libff.vcxproj -> D:\Projects\libff\ff\msvc\libff\Debug\libff.pdb (Full PDB)
